14:06| INFO | Version.java 45 | HHH000412: Hibernate Core {5.2.12.Final}
14:06| INFO | Environment.java 213 | HHH000206: hibernate.properties not found
14:06| INFO | JavaReflectionManager.java 66 | HCANN000001: Hibernate Commons Annotations {5.0.1.Final}
14:06| WARN | DriverManagerConnectionProviderImpl.java 70 | HHH10001002: Using Hibernate built-in connection pool (not for production use!)
14:06| INFO | DriverManagerConnectionProviderImpl.java 126 | HHH10001005: using driver [com.mysql.jdbc.Driver] at URL [jdbc:mysql://sql11.freesqldatabase.com:3306/sql11218101]
14:06| INFO | DriverManagerConnectionProviderImpl.java 135 | HHH10001001: Connection properties: {useUnicode=yes, user=sql11218101, password=****, characterEncoding=UTF-8}
14:06| INFO | DriverManagerConnectionProviderImpl.java 140 | HHH10001003: Autocommit mode: false
14:06| INFO | PooledConnections.java 41 | HHH000115: Hibernate connection pool size: 20 (min=1)
14:06| INFO | Dialect.java 157 | HHH000400: Using dialect: org.hibernate.dialect.MySQLDialect
14:06| INFO | DdlTransactionIsolatorNonJtaImpl.java 47 | HHH10001501: Connection obtained from JdbcConnectionAccess [org.hibernate.engine.jdbc.env.internal.JdbcEnvironmentInitiator$ConnectionProviderJdbcConnectionAccess@56897a5a] for (non-JTA) DDL execution was not in auto-commit mode; the Connection 'local transaction' will be committed and the Connection will be set into auto-commit mode.
14:06| INFO | QueryTranslatorFactoryInitiator.java 47 | HHH000397: Using ASTQueryTranslatorFactory
14:06| INFO | DriverManagerConnectionProviderImpl.java 230 | HHH10001008: Cleaning up connection pool [jdbc:mysql://sql11.freesqldatabase.com:3306/sql11218101]
14:10| INFO | Version.java 45 | HHH000412: Hibernate Core {5.2.12.Final}
14:10| INFO | Environment.java 213 | HHH000206: hibernate.properties not found
14:10| INFO | JavaReflectionManager.java 66 | HCANN000001: Hibernate Commons Annotations {5.0.1.Final}
14:10| WARN | DriverManagerConnectionProviderImpl.java 70 | HHH10001002: Using Hibernate built-in connection pool (not for production use!)
14:10| INFO | DriverManagerConnectionProviderImpl.java 126 | HHH10001005: using driver [com.mysql.jdbc.Driver] at URL [jdbc:mysql://sql11.freesqldatabase.com:3306/sql11218101]
14:10| INFO | DriverManagerConnectionProviderImpl.java 135 | HHH10001001: Connection properties: {useUnicode=yes, user=sql11218101, password=****, characterEncoding=UTF-8}
14:10| INFO | DriverManagerConnectionProviderImpl.java 140 | HHH10001003: Autocommit mode: false
14:10| INFO | PooledConnections.java 41 | HHH000115: Hibernate connection pool size: 20 (min=1)
14:11| INFO | Dialect.java 157 | HHH000400: Using dialect: org.hibernate.dialect.MySQLDialect
14:11| INFO | DdlTransactionIsolatorNonJtaImpl.java 47 | HHH10001501: Connection obtained from JdbcConnectionAccess [org.hibernate.engine.jdbc.env.internal.JdbcEnvironmentInitiator$ConnectionProviderJdbcConnectionAccess@13a76d71] for (non-JTA) DDL execution was not in auto-commit mode; the Connection 'local transaction' will be committed and the Connection will be set into auto-commit mode.
14:11| INFO | QueryTranslatorFactoryInitiator.java 47 | HHH000397: Using ASTQueryTranslatorFactory
14:11| ERROR | ZTMFileParser.java 33 | D:\dos (Nie można odnaleźć określonego pliku)
14:11| INFO | DriverManagerConnectionProviderImpl.java 230 | HHH10001008: Cleaning up connection pool [jdbc:mysql://sql11.freesqldatabase.com:3306/sql11218101]
14:11| INFO | Version.java 45 | HHH000412: Hibernate Core {5.2.12.Final}
14:11| INFO | Environment.java 213 | HHH000206: hibernate.properties not found
14:11| INFO | JavaReflectionManager.java 66 | HCANN000001: Hibernate Commons Annotations {5.0.1.Final}
14:11| ERROR | DatabaseConnection.java 27 | 
14:11| WARN | DriverManagerConnectionProviderImpl.java 70 | HHH10001002: Using Hibernate built-in connection pool (not for production use!)
14:11| INFO | DriverManagerConnectionProviderImpl.java 126 | HHH10001005: using driver [com.mysql.jdbc.Driver] at URL [jdbc:mysql://sql11.freesqldatabase.com:3306/sql11218101]
14:11| INFO | DriverManagerConnectionProviderImpl.java 135 | HHH10001001: Connection properties: {useUnicode=yes, user=sql11218101, password=****, characterEncoding=UTF-8}
14:11| INFO | DriverManagerConnectionProviderImpl.java 140 | HHH10001003: Autocommit mode: false
14:11| INFO | PooledConnections.java 41 | HHH000115: Hibernate connection pool size: 20 (min=1)
14:11| INFO | Dialect.java 157 | HHH000400: Using dialect: org.hibernate.dialect.MySQLDialect
14:11| INFO | DdlTransactionIsolatorNonJtaImpl.java 47 | HHH10001501: Connection obtained from JdbcConnectionAccess [org.hibernate.engine.jdbc.env.internal.JdbcEnvironmentInitiator$ConnectionProviderJdbcConnectionAccess@5fcad59e] for (non-JTA) DDL execution was not in auto-commit mode; the Connection 'local transaction' will be committed and the Connection will be set into auto-commit mode.
14:11| INFO | DriverManagerConnectionProviderImpl.java 230 | HHH10001008: Cleaning up connection pool [jdbc:mysql://sql11.freesqldatabase.com:3306/sql11218101]
14:18| INFO | Version.java 45 | HHH000412: Hibernate Core {5.2.12.Final}
14:18| INFO | Environment.java 213 | HHH000206: hibernate.properties not found
14:18| INFO | JavaReflectionManager.java 66 | HCANN000001: Hibernate Commons Annotations {5.0.1.Final}
14:18| WARN | DriverManagerConnectionProviderImpl.java 70 | HHH10001002: Using Hibernate built-in connection pool (not for production use!)
14:18| INFO | DriverManagerConnectionProviderImpl.java 126 | HHH10001005: using driver [com.mysql.jdbc.Driver] at URL [jdbc:mysql://sql11.freesqldatabase.com:3306/sql11218101]
14:18| INFO | DriverManagerConnectionProviderImpl.java 135 | HHH10001001: Connection properties: {useUnicode=yes, user=sql11218101, password=****, characterEncoding=UTF-8}
14:18| INFO | DriverManagerConnectionProviderImpl.java 140 | HHH10001003: Autocommit mode: false
14:18| INFO | PooledConnections.java 41 | HHH000115: Hibernate connection pool size: 20 (min=1)
14:18| INFO | Dialect.java 157 | HHH000400: Using dialect: org.hibernate.dialect.MySQLDialect
14:18| INFO | DdlTransactionIsolatorNonJtaImpl.java 47 | HHH10001501: Connection obtained from JdbcConnectionAccess [org.hibernate.engine.jdbc.env.internal.JdbcEnvironmentInitiator$ConnectionProviderJdbcConnectionAccess@13a76d71] for (non-JTA) DDL execution was not in auto-commit mode; the Connection 'local transaction' will be committed and the Connection will be set into auto-commit mode.
14:18| INFO | QueryTranslatorFactoryInitiator.java 47 | HHH000397: Using ASTQueryTranslatorFactory
14:18| INFO | DriverManagerConnectionProviderImpl.java 230 | HHH10001008: Cleaning up connection pool [jdbc:mysql://sql11.freesqldatabase.com:3306/sql11218101]
22:36| INFO | Version.java 45 | HHH000412: Hibernate Core {5.2.12.Final}
22:36| INFO | Environment.java 213 | HHH000206: hibernate.properties not found
22:36| INFO | JavaReflectionManager.java 66 | HCANN000001: Hibernate Commons Annotations {5.0.1.Final}
22:36| WARN | DriverManagerConnectionProviderImpl.java 70 | HHH10001002: Using Hibernate built-in connection pool (not for production use!)
22:36| INFO | DriverManagerConnectionProviderImpl.java 126 | HHH10001005: using driver [com.mysql.jdbc.Driver] at URL [jdbc:mysql://sql11.freesqldatabase.com:3306/sql11218101]
22:36| INFO | DriverManagerConnectionProviderImpl.java 135 | HHH10001001: Connection properties: {useUnicode=yes, user=sql11218101, password=****, characterEncoding=UTF-8}
22:36| INFO | DriverManagerConnectionProviderImpl.java 140 | HHH10001003: Autocommit mode: false
22:36| INFO | PooledConnections.java 41 | HHH000115: Hibernate connection pool size: 20 (min=1)
22:36| INFO | Dialect.java 157 | HHH000400: Using dialect: org.hibernate.dialect.MySQLDialect
22:36| INFO | DdlTransactionIsolatorNonJtaImpl.java 47 | HHH10001501: Connection obtained from JdbcConnectionAccess [org.hibernate.engine.jdbc.env.internal.JdbcEnvironmentInitiator$ConnectionProviderJdbcConnectionAccess@13a76d71] for (non-JTA) DDL execution was not in auto-commit mode; the Connection 'local transaction' will be committed and the Connection will be set into auto-commit mode.
22:36| INFO | QueryTranslatorFactoryInitiator.java 47 | HHH000397: Using ASTQueryTranslatorFactory
22:39| INFO | Version.java 45 | HHH000412: Hibernate Core {5.2.12.Final}
22:39| INFO | Environment.java 213 | HHH000206: hibernate.properties not found
22:39| INFO | JavaReflectionManager.java 66 | HCANN000001: Hibernate Commons Annotations {5.0.1.Final}
22:39| WARN | DriverManagerConnectionProviderImpl.java 70 | HHH10001002: Using Hibernate built-in connection pool (not for production use!)
22:39| INFO | DriverManagerConnectionProviderImpl.java 126 | HHH10001005: using driver [com.mysql.jdbc.Driver] at URL [jdbc:mysql://sql11.freesqldatabase.com:3306/sql11218101]
22:39| INFO | DriverManagerConnectionProviderImpl.java 135 | HHH10001001: Connection properties: {useUnicode=yes, user=sql11218101, password=****, characterEncoding=UTF-8}
22:39| INFO | DriverManagerConnectionProviderImpl.java 140 | HHH10001003: Autocommit mode: false
22:39| INFO | PooledConnections.java 41 | HHH000115: Hibernate connection pool size: 20 (min=1)
22:39| INFO | Dialect.java 157 | HHH000400: Using dialect: org.hibernate.dialect.MySQLDialect
22:39| INFO | DdlTransactionIsolatorNonJtaImpl.java 47 | HHH10001501: Connection obtained from JdbcConnectionAccess [org.hibernate.engine.jdbc.env.internal.JdbcEnvironmentInitiator$ConnectionProviderJdbcConnectionAccess@13a76d71] for (non-JTA) DDL execution was not in auto-commit mode; the Connection 'local transaction' will be committed and the Connection will be set into auto-commit mode.
22:39| INFO | QueryTranslatorFactoryInitiator.java 47 | HHH000397: Using ASTQueryTranslatorFactory
22:39| ERROR | ZTMFileParser.java 33 | sdfsdgsdg (Nie można odnaleźć określonego pliku)
10:19| INFO | Version.java 45 | HHH000412: Hibernate Core {5.2.12.Final}
10:19| INFO | Environment.java 213 | HHH000206: hibernate.properties not found
10:19| INFO | JavaReflectionManager.java 66 | HCANN000001: Hibernate Commons Annotations {5.0.1.Final}
10:19| WARN | DriverManagerConnectionProviderImpl.java 70 | HHH10001002: Using Hibernate built-in connection pool (not for production use!)
10:19| INFO | DriverManagerConnectionProviderImpl.java 126 | HHH10001005: using driver [com.mysql.jdbc.Driver] at URL [jdbc:mysql://sql11.freesqldatabase.com:3306/sql11218101]
10:19| INFO | DriverManagerConnectionProviderImpl.java 135 | HHH10001001: Connection properties: {useUnicode=yes, user=sql11218101, password=****, characterEncoding=UTF-8}
10:19| INFO | DriverManagerConnectionProviderImpl.java 140 | HHH10001003: Autocommit mode: false
10:19| INFO | PooledConnections.java 41 | HHH000115: Hibernate connection pool size: 20 (min=1)
10:19| ERROR | DatabaseConnection.java 27 | Unable to create requested service [org.hibernate.engine.jdbc.env.spi.JdbcEnvironment]
10:20| WARN | DriverManagerConnectionProviderImpl.java 70 | HHH10001002: Using Hibernate built-in connection pool (not for production use!)
10:20| INFO | DriverManagerConnectionProviderImpl.java 126 | HHH10001005: using driver [com.mysql.jdbc.Driver] at URL [jdbc:mysql://sql11.freesqldatabase.com:3306/sql11218101]
10:20| INFO | DriverManagerConnectionProviderImpl.java 135 | HHH10001001: Connection properties: {useUnicode=yes, user=sql11218101, password=****, characterEncoding=UTF-8}
10:20| INFO | DriverManagerConnectionProviderImpl.java 140 | HHH10001003: Autocommit mode: false
10:20| INFO | PooledConnections.java 41 | HHH000115: Hibernate connection pool size: 20 (min=1)
10:20| ERROR | DatabaseConnection.java 27 | Unable to create requested service [org.hibernate.engine.jdbc.env.spi.JdbcEnvironment]
10:20| WARN | DriverManagerConnectionProviderImpl.java 70 | HHH10001002: Using Hibernate built-in connection pool (not for production use!)
10:20| INFO | DriverManagerConnectionProviderImpl.java 126 | HHH10001005: using driver [com.mysql.jdbc.Driver] at URL [jdbc:mysql://sql11.freesqldatabase.com:3306/sql11218101]
10:20| INFO | DriverManagerConnectionProviderImpl.java 135 | HHH10001001: Connection properties: {useUnicode=yes, user=sql11218101, password=****, characterEncoding=UTF-8}
10:20| INFO | DriverManagerConnectionProviderImpl.java 140 | HHH10001003: Autocommit mode: false
10:20| INFO | PooledConnections.java 41 | HHH000115: Hibernate connection pool size: 20 (min=1)
10:20| ERROR | DatabaseConnection.java 27 | Unable to create requested service [org.hibernate.engine.jdbc.env.spi.JdbcEnvironment]
12:16| INFO | Version.java 45 | HHH000412: Hibernate Core {5.2.12.Final}
12:16| INFO | Environment.java 213 | HHH000206: hibernate.properties not found
12:16| INFO | JavaReflectionManager.java 66 | HCANN000001: Hibernate Commons Annotations {5.0.1.Final}
12:17| WARN | DriverManagerConnectionProviderImpl.java 70 | HHH10001002: Using Hibernate built-in connection pool (not for production use!)
12:17| INFO | DriverManagerConnectionProviderImpl.java 126 | HHH10001005: using driver [com.mysql.jdbc.Driver] at URL [jdbc:mysql://tyrolese-screws.000webhostapp.com:3306/id4642694_przproject]
12:17| INFO | DriverManagerConnectionProviderImpl.java 135 | HHH10001001: Connection properties: {useUnicode=yes, user=id4642694_przproject, password=****, characterEncoding=UTF-8}
12:17| INFO | DriverManagerConnectionProviderImpl.java 140 | HHH10001003: Autocommit mode: false
12:17| INFO | PooledConnections.java 41 | HHH000115: Hibernate connection pool size: 20 (min=1)
12:17| ERROR | DatabaseConnection.java 27 | Unable to create requested service [org.hibernate.engine.jdbc.env.spi.JdbcEnvironment]
12:17| WARN | DriverManagerConnectionProviderImpl.java 70 | HHH10001002: Using Hibernate built-in connection pool (not for production use!)
12:17| INFO | DriverManagerConnectionProviderImpl.java 126 | HHH10001005: using driver [com.mysql.jdbc.Driver] at URL [jdbc:mysql://tyrolese-screws.000webhostapp.com:3306/id4642694_przproject]
12:17| INFO | DriverManagerConnectionProviderImpl.java 135 | HHH10001001: Connection properties: {useUnicode=yes, user=id4642694_przproject, password=****, characterEncoding=UTF-8}
12:17| INFO | DriverManagerConnectionProviderImpl.java 140 | HHH10001003: Autocommit mode: false
12:17| INFO | PooledConnections.java 41 | HHH000115: Hibernate connection pool size: 20 (min=1)
12:17| ERROR | DatabaseConnection.java 27 | Unable to create requested service [org.hibernate.engine.jdbc.env.spi.JdbcEnvironment]
12:20| INFO | Version.java 45 | HHH000412: Hibernate Core {5.2.12.Final}
12:20| INFO | Environment.java 213 | HHH000206: hibernate.properties not found
12:20| INFO | JavaReflectionManager.java 66 | HCANN000001: Hibernate Commons Annotations {5.0.1.Final}
12:20| WARN | DriverManagerConnectionProviderImpl.java 70 | HHH10001002: Using Hibernate built-in connection pool (not for production use!)
12:20| INFO | DriverManagerConnectionProviderImpl.java 126 | HHH10001005: using driver [com.mysql.jdbc.Driver] at URL [jdbc:mysql://tyrolese-screws.000webhostapp.com:3306]
12:20| INFO | DriverManagerConnectionProviderImpl.java 135 | HHH10001001: Connection properties: {useUnicode=yes, user=id4642694_przproject, password=****, characterEncoding=UTF-8}
12:20| INFO | DriverManagerConnectionProviderImpl.java 140 | HHH10001003: Autocommit mode: false
12:20| INFO | PooledConnections.java 41 | HHH000115: Hibernate connection pool size: 20 (min=1)
12:20| ERROR | DatabaseConnection.java 27 | Unable to create requested service [org.hibernate.engine.jdbc.env.spi.JdbcEnvironment]
12:20| INFO | Version.java 45 | HHH000412: Hibernate Core {5.2.12.Final}
12:20| INFO | Environment.java 213 | HHH000206: hibernate.properties not found
12:20| INFO | JavaReflectionManager.java 66 | HCANN000001: Hibernate Commons Annotations {5.0.1.Final}
12:20| WARN | DriverManagerConnectionProviderImpl.java 70 | HHH10001002: Using Hibernate built-in connection pool (not for production use!)
12:20| INFO | DriverManagerConnectionProviderImpl.java 126 | HHH10001005: using driver [com.mysql.jdbc.Driver] at URL [jdbc:mysql://databases.000webhost.com:3306/id4642694_przproject]
12:20| INFO | DriverManagerConnectionProviderImpl.java 135 | HHH10001001: Connection properties: {useUnicode=yes, user=id4642694_przproject, password=****, characterEncoding=UTF-8}
12:20| INFO | DriverManagerConnectionProviderImpl.java 140 | HHH10001003: Autocommit mode: false
12:20| INFO | PooledConnections.java 41 | HHH000115: Hibernate connection pool size: 20 (min=1)
12:20| ERROR | DatabaseConnection.java 27 | Unable to create requested service [org.hibernate.engine.jdbc.env.spi.JdbcEnvironment]
12:20| INFO | Version.java 45 | HHH000412: Hibernate Core {5.2.12.Final}
12:20| INFO | Environment.java 213 | HHH000206: hibernate.properties not found
12:20| INFO | JavaReflectionManager.java 66 | HCANN000001: Hibernate Commons Annotations {5.0.1.Final}
12:20| WARN | DriverManagerConnectionProviderImpl.java 70 | HHH10001002: Using Hibernate built-in connection pool (not for production use!)
12:20| INFO | DriverManagerConnectionProviderImpl.java 126 | HHH10001005: using driver [com.mysql.jdbc.Driver] at URL [jdbc:mysql://databases.000webhost.com:3306]
12:20| INFO | DriverManagerConnectionProviderImpl.java 135 | HHH10001001: Connection properties: {useUnicode=yes, user=id4642694_przproject, password=****, characterEncoding=UTF-8}
12:20| INFO | DriverManagerConnectionProviderImpl.java 140 | HHH10001003: Autocommit mode: false
12:20| INFO | PooledConnections.java 41 | HHH000115: Hibernate connection pool size: 20 (min=1)
12:20| ERROR | DatabaseConnection.java 27 | Unable to create requested service [org.hibernate.engine.jdbc.env.spi.JdbcEnvironment]
12:22| INFO | Version.java 45 | HHH000412: Hibernate Core {5.2.12.Final}
12:22| INFO | Environment.java 213 | HHH000206: hibernate.properties not found
12:22| INFO | JavaReflectionManager.java 66 | HCANN000001: Hibernate Commons Annotations {5.0.1.Final}
12:22| WARN | DriverManagerConnectionProviderImpl.java 70 | HHH10001002: Using Hibernate built-in connection pool (not for production use!)
12:22| INFO | DriverManagerConnectionProviderImpl.java 126 | HHH10001005: using driver [com.mysql.jdbc.Driver] at URL [jdbc:mysql://databases.000webhost.com/id4642694_przproject]
12:22| INFO | DriverManagerConnectionProviderImpl.java 135 | HHH10001001: Connection properties: {useUnicode=yes, user=id4642694_przproject, password=****, characterEncoding=UTF-8}
12:22| INFO | DriverManagerConnectionProviderImpl.java 140 | HHH10001003: Autocommit mode: false
12:22| INFO | PooledConnections.java 41 | HHH000115: Hibernate connection pool size: 20 (min=1)
12:22| ERROR | DatabaseConnection.java 27 | Unable to create requested service [org.hibernate.engine.jdbc.env.spi.JdbcEnvironment]
12:36| INFO | Version.java 45 | HHH000412: Hibernate Core {5.2.12.Final}
12:36| INFO | Environment.java 213 | HHH000206: hibernate.properties not found
12:36| INFO | JavaReflectionManager.java 66 | HCANN000001: Hibernate Commons Annotations {5.0.1.Final}
12:36| WARN | DriverManagerConnectionProviderImpl.java 70 | HHH10001002: Using Hibernate built-in connection pool (not for production use!)
12:36| INFO | DriverManagerConnectionProviderImpl.java 126 | HHH10001005: using driver [com.mysql.jdbc.Driver] at URL [jdbc:mysql://sql11.freemysqlhosting.net:3306/sql11207305]
12:36| INFO | DriverManagerConnectionProviderImpl.java 135 | HHH10001001: Connection properties: {useUnicode=yes, user=sql11207305, password=****, characterEncoding=UTF-8}
12:36| INFO | DriverManagerConnectionProviderImpl.java 140 | HHH10001003: Autocommit mode: false
12:36| INFO | PooledConnections.java 41 | HHH000115: Hibernate connection pool size: 20 (min=1)
12:36| INFO | Dialect.java 157 | HHH000400: Using dialect: org.hibernate.dialect.MySQLDialect
12:36| INFO | DdlTransactionIsolatorNonJtaImpl.java 47 | HHH10001501: Connection obtained from JdbcConnectionAccess [org.hibernate.engine.jdbc.env.internal.JdbcEnvironmentInitiator$ConnectionProviderJdbcConnectionAccess@1780a2e5] for (non-JTA) DDL execution was not in auto-commit mode; the Connection 'local transaction' will be committed and the Connection will be set into auto-commit mode.
12:36| WARN | ExceptionHandlerLoggedImpl.java 27 | GenerationTarget encountered exception accepting command : Error executing DDL via JDBC Statement
org.hibernate.tool.schema.spi.CommandAcceptanceException: Error executing DDL via JDBC Statement
	at org.hibernate.tool.schema.internal.exec.GenerationTargetToDatabase.accept(GenerationTargetToDatabase.java:67)
	at org.hibernate.tool.schema.internal.AbstractSchemaMigrator.applySqlString(AbstractSchemaMigrator.java:559)
	at org.hibernate.tool.schema.internal.AbstractSchemaMigrator.applySqlStrings(AbstractSchemaMigrator.java:504)
	at org.hibernate.tool.schema.internal.AbstractSchemaMigrator.createTable(AbstractSchemaMigrator.java:277)
	at org.hibernate.tool.schema.internal.GroupedSchemaMigratorImpl.performTablesMigration(GroupedSchemaMigratorImpl.java:71)
	at org.hibernate.tool.schema.internal.AbstractSchemaMigrator.performMigration(AbstractSchemaMigrator.java:207)
	at org.hibernate.tool.schema.internal.AbstractSchemaMigrator.doMigration(AbstractSchemaMigrator.java:114)
	at org.hibernate.tool.schema.spi.SchemaManagementToolCoordinator.performDatabaseAction(SchemaManagementToolCoordinator.java:183)
	at org.hibernate.tool.schema.spi.SchemaManagementToolCoordinator.process(SchemaManagementToolCoordinator.java:72)
	at org.hibernate.internal.SessionFactoryImpl.<init>(SessionFactoryImpl.java:313)
	at org.hibernate.boot.internal.SessionFactoryBuilderImpl.build(SessionFactoryBuilderImpl.java:452)
	at org.hibernate.cfg.Configuration.buildSessionFactory(Configuration.java:710)
	at org.hibernate.cfg.Configuration.buildSessionFactory(Configuration.java:726)
	at pl.edu.wat.wcy.isi.prz.database.DatabaseConnection.<init>(DatabaseConnection.java:25)
	at pl.edu.wat.wcy.isi.prz.database.DatabaseConnection.get(DatabaseConnection.java:19)
	at pl.edu.wat.wcy.isi.prz.listofstops.StopsList.<init>(StopsList.java:28)
	at pl.edu.wat.wcy.isi.prz.listofstops.LoadDatabase.call(LoadDatabase.java:26)
	at javafx.concurrent.Task$TaskCallable.call(Task.java:1423)
	at java.util.concurrent.FutureTask.run(FutureTask.java:266)
	at java.lang.Thread.run(Thread.java:748)
Caused by: com.mysql.jdbc.exceptions.jdbc4.MySQLSyntaxErrorException: You have an error in your SQL syntax; check the manual that corresponds to your MySQL server version for the right syntax to use near 'type=MyISAM' at line 1
	at sun.reflect.NativeConstructorAccessorImpl.newInstance0(Native Method)
	at sun.reflect.NativeConstructorAccessorImpl.newInstance(NativeConstructorAccessorImpl.java:62)
	at sun.reflect.DelegatingConstructorAccessorImpl.newInstance(DelegatingConstructorAccessorImpl.java:45)
	at java.lang.reflect.Constructor.newInstance(Constructor.java:423)
	at com.mysql.jdbc.Util.handleNewInstance(Util.java:425)
	at com.mysql.jdbc.Util.getInstance(Util.java:408)
	at com.mysql.jdbc.SQLError.createSQLException(SQLError.java:943)
	at com.mysql.jdbc.MysqlIO.checkErrorPacket(MysqlIO.java:3973)
	at com.mysql.jdbc.MysqlIO.checkErrorPacket(MysqlIO.java:3909)
	at com.mysql.jdbc.MysqlIO.sendCommand(MysqlIO.java:2527)
	at com.mysql.jdbc.MysqlIO.sqlQueryDirect(MysqlIO.java:2680)
	at com.mysql.jdbc.ConnectionImpl.execSQL(ConnectionImpl.java:2497)
	at com.mysql.jdbc.ConnectionImpl.execSQL(ConnectionImpl.java:2455)
	at com.mysql.jdbc.StatementImpl.executeInternal(StatementImpl.java:839)
	at com.mysql.jdbc.StatementImpl.execute(StatementImpl.java:739)
	at org.hibernate.tool.schema.internal.exec.GenerationTargetToDatabase.accept(GenerationTargetToDatabase.java:54)
	... 19 more
12:36| WARN | ExceptionHandlerLoggedImpl.java 27 | GenerationTarget encountered exception accepting command : Error executing DDL via JDBC Statement
org.hibernate.tool.schema.spi.CommandAcceptanceException: Error executing DDL via JDBC Statement
	at org.hibernate.tool.schema.internal.exec.GenerationTargetToDatabase.accept(GenerationTargetToDatabase.java:67)
	at org.hibernate.tool.schema.internal.AbstractSchemaMigrator.applySqlString(AbstractSchemaMigrator.java:559)
	at org.hibernate.tool.schema.internal.AbstractSchemaMigrator.applySqlStrings(AbstractSchemaMigrator.java:504)
	at org.hibernate.tool.schema.internal.AbstractSchemaMigrator.createTable(AbstractSchemaMigrator.java:277)
	at org.hibernate.tool.schema.internal.GroupedSchemaMigratorImpl.performTablesMigration(GroupedSchemaMigratorImpl.java:71)
	at org.hibernate.tool.schema.internal.AbstractSchemaMigrator.performMigration(AbstractSchemaMigrator.java:207)
	at org.hibernate.tool.schema.internal.AbstractSchemaMigrator.doMigration(AbstractSchemaMigrator.java:114)
	at org.hibernate.tool.schema.spi.SchemaManagementToolCoordinator.performDatabaseAction(SchemaManagementToolCoordinator.java:183)
	at org.hibernate.tool.schema.spi.SchemaManagementToolCoordinator.process(SchemaManagementToolCoordinator.java:72)
	at org.hibernate.internal.SessionFactoryImpl.<init>(SessionFactoryImpl.java:313)
	at org.hibernate.boot.internal.SessionFactoryBuilderImpl.build(SessionFactoryBuilderImpl.java:452)
	at org.hibernate.cfg.Configuration.buildSessionFactory(Configuration.java:710)
	at org.hibernate.cfg.Configuration.buildSessionFactory(Configuration.java:726)
	at pl.edu.wat.wcy.isi.prz.database.DatabaseConnection.<init>(DatabaseConnection.java:25)
	at pl.edu.wat.wcy.isi.prz.database.DatabaseConnection.get(DatabaseConnection.java:19)
	at pl.edu.wat.wcy.isi.prz.listofstops.StopsList.<init>(StopsList.java:28)
	at pl.edu.wat.wcy.isi.prz.listofstops.LoadDatabase.call(LoadDatabase.java:26)
	at javafx.concurrent.Task$TaskCallable.call(Task.java:1423)
	at java.util.concurrent.FutureTask.run(FutureTask.java:266)
	at java.lang.Thread.run(Thread.java:748)
Caused by: com.mysql.jdbc.exceptions.jdbc4.MySQLSyntaxErrorException: You have an error in your SQL syntax; check the manual that corresponds to your MySQL server version for the right syntax to use near 'type=MyISAM' at line 1
	at sun.reflect.NativeConstructorAccessorImpl.newInstance0(Native Method)
	at sun.reflect.NativeConstructorAccessorImpl.newInstance(NativeConstructorAccessorImpl.java:62)
	at sun.reflect.DelegatingConstructorAccessorImpl.newInstance(DelegatingConstructorAccessorImpl.java:45)
	at java.lang.reflect.Constructor.newInstance(Constructor.java:423)
	at com.mysql.jdbc.Util.handleNewInstance(Util.java:425)
	at com.mysql.jdbc.Util.getInstance(Util.java:408)
	at com.mysql.jdbc.SQLError.createSQLException(SQLError.java:943)
	at com.mysql.jdbc.MysqlIO.checkErrorPacket(MysqlIO.java:3973)
	at com.mysql.jdbc.MysqlIO.checkErrorPacket(MysqlIO.java:3909)
	at com.mysql.jdbc.MysqlIO.sendCommand(MysqlIO.java:2527)
	at com.mysql.jdbc.MysqlIO.sqlQueryDirect(MysqlIO.java:2680)
	at com.mysql.jdbc.ConnectionImpl.execSQL(ConnectionImpl.java:2497)
	at com.mysql.jdbc.ConnectionImpl.execSQL(ConnectionImpl.java:2455)
	at com.mysql.jdbc.StatementImpl.executeInternal(StatementImpl.java:839)
	at com.mysql.jdbc.StatementImpl.execute(StatementImpl.java:739)
	at org.hibernate.tool.schema.internal.exec.GenerationTargetToDatabase.accept(GenerationTargetToDatabase.java:54)
	... 19 more
12:36| INFO | QueryTranslatorFactoryInitiator.java 47 | HHH000397: Using ASTQueryTranslatorFactory
12:36| WARN | SqlExceptionHelper.java 129 | SQL Error: 1146, SQLState: 42S02
12:36| ERROR | SqlExceptionHelper.java 131 | Table 'sql11207305.stop' doesn't exist
12:36| ERROR | StopsList.java 34 | org.hibernate.exception.SQLGrammarException: could not extract ResultSet
12:37| WARN | SqlExceptionHelper.java 129 | SQL Error: 1146, SQLState: 42S02
12:37| ERROR | SqlExceptionHelper.java 131 | Table 'sql11207305.stop' doesn't exist
12:37| INFO | DriverManagerConnectionProviderImpl.java 230 | HHH10001008: Cleaning up connection pool [jdbc:mysql://sql11.freemysqlhosting.net:3306/sql11207305]
12:43| INFO | Version.java 45 | HHH000412: Hibernate Core {5.2.12.Final}
12:43| INFO | Environment.java 213 | HHH000206: hibernate.properties not found
12:43| INFO | JavaReflectionManager.java 66 | HCANN000001: Hibernate Commons Annotations {5.0.1.Final}
12:43| WARN | DriverManagerConnectionProviderImpl.java 70 | HHH10001002: Using Hibernate built-in connection pool (not for production use!)
12:43| INFO | DriverManagerConnectionProviderImpl.java 126 | HHH10001005: using driver [com.mysql.jdbc.Driver] at URL [jdbc:mysql://sql11.freemysqlhosting.net:3306/sql11207305]
12:43| INFO | DriverManagerConnectionProviderImpl.java 135 | HHH10001001: Connection properties: {useUnicode=yes, user=sql11207305, password=****, characterEncoding=UTF-8}
12:43| INFO | DriverManagerConnectionProviderImpl.java 140 | HHH10001003: Autocommit mode: false
12:43| INFO | PooledConnections.java 41 | HHH000115: Hibernate connection pool size: 20 (min=1)
12:43| INFO | Dialect.java 157 | HHH000400: Using dialect: org.hibernate.dialect.MySQLDialect
12:43| INFO | DdlTransactionIsolatorNonJtaImpl.java 47 | HHH10001501: Connection obtained from JdbcConnectionAccess [org.hibernate.engine.jdbc.env.internal.JdbcEnvironmentInitiator$ConnectionProviderJdbcConnectionAccess@41e1eba6] for (non-JTA) DDL execution was not in auto-commit mode; the Connection 'local transaction' will be committed and the Connection will be set into auto-commit mode.
12:43| INFO | QueryTranslatorFactoryInitiator.java 47 | HHH000397: Using ASTQueryTranslatorFactory
13:35| WARN | SqlExceptionHelper.java 129 | SQL Error: 1406, SQLState: 22001
13:35| ERROR | SqlExceptionHelper.java 131 | Data truncation: Data too long for column 'stableLines' at row 1
13:35| INFO | AbstractBatchImpl.java 193 | HHH000010: On release of batch it still contained JDBC statements
13:35| ERROR | ExceptionMapperStandardImpl.java 39 | HHH000346: Error during managed flush [org.hibernate.exception.DataException: could not execute statement]
13:35| ERROR | ZTMFileParser.java 33 | org.hibernate.exception.DataException: could not execute statement
13:38| INFO | Version.java 45 | HHH000412: Hibernate Core {5.2.12.Final}
13:38| INFO | Environment.java 213 | HHH000206: hibernate.properties not found
13:38| INFO | JavaReflectionManager.java 66 | HCANN000001: Hibernate Commons Annotations {5.0.1.Final}
13:38| WARN | DriverManagerConnectionProviderImpl.java 70 | HHH10001002: Using Hibernate built-in connection pool (not for production use!)
13:38| INFO | DriverManagerConnectionProviderImpl.java 126 | HHH10001005: using driver [com.mysql.jdbc.Driver] at URL [jdbc:mysql://sql11.freemysqlhosting.net:3306/sql11207305]
13:38| INFO | DriverManagerConnectionProviderImpl.java 135 | HHH10001001: Connection properties: {useUnicode=yes, user=sql11207305, password=****, characterEncoding=UTF-8}
13:38| INFO | DriverManagerConnectionProviderImpl.java 140 | HHH10001003: Autocommit mode: false
13:38| INFO | PooledConnections.java 41 | HHH000115: Hibernate connection pool size: 20 (min=1)
13:38| INFO | Dialect.java 157 | HHH000400: Using dialect: org.hibernate.dialect.MySQLDialect
13:38| INFO | DdlTransactionIsolatorNonJtaImpl.java 47 | HHH10001501: Connection obtained from JdbcConnectionAccess [org.hibernate.engine.jdbc.env.internal.JdbcEnvironmentInitiator$ConnectionProviderJdbcConnectionAccess@7b56db1e] for (non-JTA) DDL execution was not in auto-commit mode; the Connection 'local transaction' will be committed and the Connection will be set into auto-commit mode.
13:38| INFO | QueryTranslatorFactoryInitiator.java 47 | HHH000397: Using ASTQueryTranslatorFactory
13:39| INFO | DriverManagerConnectionProviderImpl.java 230 | HHH10001008: Cleaning up connection pool [jdbc:mysql://sql11.freemysqlhosting.net:3306/sql11207305]
13:39| INFO | Version.java 45 | HHH000412: Hibernate Core {5.2.12.Final}
13:39| INFO | Environment.java 213 | HHH000206: hibernate.properties not found
13:39| INFO | JavaReflectionManager.java 66 | HCANN000001: Hibernate Commons Annotations {5.0.1.Final}
13:39| WARN | DriverManagerConnectionProviderImpl.java 70 | HHH10001002: Using Hibernate built-in connection pool (not for production use!)
13:39| INFO | DriverManagerConnectionProviderImpl.java 126 | HHH10001005: using driver [com.mysql.jdbc.Driver] at URL [jdbc:mysql://sql11.freemysqlhosting.net:3306/sql11207305]
13:39| INFO | DriverManagerConnectionProviderImpl.java 135 | HHH10001001: Connection properties: {useUnicode=yes, user=sql11207305, password=****, characterEncoding=UTF-8}
13:39| INFO | DriverManagerConnectionProviderImpl.java 140 | HHH10001003: Autocommit mode: false
13:39| INFO | PooledConnections.java 41 | HHH000115: Hibernate connection pool size: 20 (min=1)
13:39| INFO | Dialect.java 157 | HHH000400: Using dialect: org.hibernate.dialect.MySQLDialect
13:39| INFO | DdlTransactionIsolatorNonJtaImpl.java 47 | HHH10001501: Connection obtained from JdbcConnectionAccess [org.hibernate.engine.jdbc.env.internal.JdbcEnvironmentInitiator$ConnectionProviderJdbcConnectionAccess@7b56db1e] for (non-JTA) DDL execution was not in auto-commit mode; the Connection 'local transaction' will be committed and the Connection will be set into auto-commit mode.
13:39| INFO | QueryTranslatorFactoryInitiator.java 47 | HHH000397: Using ASTQueryTranslatorFactory
16:13| INFO | DriverManagerConnectionProviderImpl.java 230 | HHH10001008: Cleaning up connection pool [jdbc:mysql://sql11.freemysqlhosting.net:3306/sql11207305]
